Using pre-set license
Built from '2020.3/release' branch; Version is '2020.3.7f1 (dd97f2c94397) revision 14522354'; Using compiler version '192528614'; Build Type 'Release'
OS: 'Windows 10 Education; OS build 19043.1237; Version 2009; 64bit' Language: 'da' Physical Memory: 32684 MB
BatchMode: 1, IsHumanControllingUs: 0, StartBugReporterOnCrash: 0, Is64bit: 1, IsPro: 0

 COMMAND LINE ARGUMENTS:
C:\Program Files\Unity\Hub\Editor\2020.3.7f1\Editor\Unity.exe
-adb2
-batchMode
-noUpm
-name
AssetImportWorker0
-projectPath
J:/balkanexpansionmod
-logFile
Logs/AssetImportWorker0.log
-srvPort
56658
Successfully changed project path to: J:/balkanexpansionmod
J:/balkanexpansionmod
Using Asset Import Pipeline V2.
Refreshing native plugins compatible for Editor in 68.95 ms, found 0 plugins.
Preloading 0 native plugins for Editor in 0.00 ms.
Initialize engine version: 2020.3.7f1 (dd97f2c94397)
[Subsystems] Discovering subsystems at path C:/Program Files/Unity/Hub/Editor/2020.3.7f1/Editor/Data/Resources/UnitySubsystems
[Subsystems] Discovering subsystems at path J:/balkanexpansionmod/Assets
GfxDevice: creating device client; threaded=0
Direct3D:
    Version:  Direct3D 11.0 [level 11.1]
    Renderer: NVIDIA GeForce GTX 960 (ID=0x1401)
    Vendor:   
    VRAM:     4053 MB
    Driver:   30.0.14.9649
Initialize mono
Mono path[0] = 'C:/Program Files/Unity/Hub/Editor/2020.3.7f1/Editor/Data/Managed'
Mono path[1] = 'C:/Program Files/Unity/Hub/Editor/2020.3.7f1/Editor/Data/MonoBleedingEdge/lib/mono/unityjit'
Mono config path = 'C:/Program Files/Unity/Hub/Editor/2020.3.7f1/Editor/Data/MonoBleedingEdge/etc'
Using monoOptions --debugger-agent=transport=dt_socket,embedding=1,server=y,suspend=n,address=127.0.0.1:56216
Begin MonoManager ReloadAssembly
Registering precompiled unity dll's ...
Register platform support module: C:/Program Files/Unity/Hub/Editor/2020.3.7f1/Editor/Data/PlaybackEngines/WindowsStandaloneSupport/UnityEditor.WindowsStandalone.Extensions.dll
Registered in 0.004536 seconds.
Native extension for WindowsStandalone target not found
Refreshing native plugins compatible for Editor in 53.39 ms, found 0 plugins.
Preloading 0 native plugins for Editor in 0.00 ms.
Mono: successfully reloaded assembly
- Completed reload, in  2.186 seconds
Platform modules already initialized, skipping
Registering precompiled user dll's ...
Registered in 0.104847 seconds.
Begin MonoManager ReloadAssembly
Native extension for WindowsStandalone target not found
Refreshing native plugins compatible for Editor in 59.40 ms, found 0 plugins.
Preloading 0 native plugins for Editor in 0.00 ms.
[AssetDatabase] Startup...
UnityEngine.StackTraceUtility:ExtractStackTrace ()
UnityEngine.DebugLogHandler:LogFormat (UnityEngine.LogType,UnityEngine.Object,string,object[])
UnityEngine.Logger:Log (UnityEngine.LogType,object)
UnityEngine.Debug:Log (object)
Amplitude.Framework.Asset.AssetDatabase:.cctor ()
System.Runtime.CompilerServices.RuntimeHelpers:RunClassConstructor (System.RuntimeTypeHandle)
UnityEditor.EditorAssemblies:ProcessInitializeOnLoadAttributes (System.Type[])

Mono: successfully reloaded assembly
- Completed reload, in  3.777 seconds
Platform modules already initialized, skipping
========================================================================
Worker process is ready to serve import requests
Launched and connected shader compiler UnityShaderCompiler.exe after 0.10 seconds
Refreshing native plugins compatible for Editor in 0.53 ms, found 0 plugins.
Preloading 0 native plugins for Editor in 0.00 ms.
Unloading 1179 Unused Serialized files (Serialized files now loaded: 0)
System memory in use before: 64.3 MB.
System memory in use after: 64.5 MB.

Unloading 59 unused Assets to reduce memory usage. Loaded Objects now: 3364.
Total: 56.645200 ms (FindLiveObjects: 1.127600 ms CreateObjectMapping: 0.173500 ms MarkObjects: 55.215600 ms  DeleteObjects: 0.126300 ms)

========================================================================
Received Import Request.
  path: Assets/Databases/UnitFormation
  artifactKey: Guid(ec8d04ac2e80cf44e92227e5c71957d5) Importer(815301076,1909f56bfc062723c751e8b465ee728b)
Start importing Assets/Databases/UnitFormation using Guid(ec8d04ac2e80cf44e92227e5c71957d5) Importer(815301076,1909f56bfc062723c751e8b465ee728b)  -> (artifact id: 'a4f0d1b5b51b4d4f163b18738e2d19d1') in 0.006053 seconds
  Import took 0.025223 seconds .

========================================================================
Received Import Request.
  Time since last request: 0.000345 seconds.
  path: Assets/AssetBundles
  artifactKey: Guid(1ed517e4d75167041b907cc03d95d7af) Importer(815301076,1909f56bfc062723c751e8b465ee728b)
Start importing Assets/AssetBundles using Guid(1ed517e4d75167041b907cc03d95d7af) Importer(815301076,1909f56bfc062723c751e8b465ee728b)  -> (artifact id: 'f17297da621494fa2d288d62b8a9168d') in 0.001329 seconds
  Import took 0.011798 seconds .

========================================================================
Received Import Request.
  Time since last request: 12.916765 seconds.
  path: Assets/[Amplitude.Framework]/Plugins
  artifactKey: Guid(008b322b26e03a54fbd98f0b48652f0f) Importer(815301076,1909f56bfc062723c751e8b465ee728b)
Start importing Assets/[Amplitude.Framework]/Plugins using Guid(008b322b26e03a54fbd98f0b48652f0f) Importer(815301076,1909f56bfc062723c751e8b465ee728b)  -> (artifact id: 'c1016ee6d81bce3ce0918fc40d154887') in 0.003236 seconds
  Import took 0.007137 seconds .

========================================================================
Received Import Request.
  Time since last request: 75.877989 seconds.
  path: Assets/Databases/AI
  artifactKey: Guid(acfdbc311131ae345adf2bcde9f54356) Importer(815301076,1909f56bfc062723c751e8b465ee728b)
Start importing Assets/Databases/AI using Guid(acfdbc311131ae345adf2bcde9f54356) Importer(815301076,1909f56bfc062723c751e8b465ee728b)  -> (artifact id: '9a7e4638e91ae525c92c57f76dce7ce5') in 0.002359 seconds
  Import took 0.006764 seconds .

========================================================================
Received Import Request.
  Time since last request: 1.620453 seconds.
  path: Assets/Databases/RpnDefinitionCollectionMiscellaneous.asset
  artifactKey: Guid(a2f56326bb9e6e345989ef364b8b7dc4) Importer(815301076,1909f56bfc062723c751e8b465ee728b)
Start importing Assets/Databases/RpnDefinitionCollectionMiscellaneous.asset using Guid(a2f56326bb9e6e345989ef364b8b7dc4) Importer(815301076,1909f56bfc062723c751e8b465ee728b)  -> (artifact id: '86642044e0fbc53d65fda945e7699739') in 0.075215 seconds
  Import took 0.079349 seconds .

========================================================================
Received Import Request.
  Time since last request: 52.739917 seconds.
  path: Assets/Databases/MoralRpnDefinitionCollection.asset
  artifactKey: Guid(39579eca4ecbca042b44892b6680c34d) Importer(815301076,1909f56bfc062723c751e8b465ee728b)
Start importing Assets/Databases/MoralRpnDefinitionCollection.asset using Guid(39579eca4ecbca042b44892b6680c34d) Importer(815301076,1909f56bfc062723c751e8b465ee728b)  -> (artifact id: '5264cd7484c7e71c959b375d4fb6b4f5') in 0.007549 seconds
  Import took 0.011603 seconds .

========================================================================
Received Import Request.
  Time since last request: 0.000539 seconds.
  path: Assets/Databases/MoralRpnDefinitionCollection.asset
  artifactKey: Guid(39579eca4ecbca042b44892b6680c34d) Importer(815301076,1909f56bfc062723c751e8b465ee728b)
Start importing Assets/Databases/MoralRpnDefinitionCollection.asset using Guid(39579eca4ecbca042b44892b6680c34d) Importer(815301076,1909f56bfc062723c751e8b465ee728b)  -> (artifact id: '5264cd7484c7e71c959b375d4fb6b4f5') in 0.003595 seconds
  Import took 0.008228 seconds .

========================================================================
Received Import Request.
  Time since last request: 5.185619 seconds.
  path: Assets/Databases/DroppableModifiersUIMappers.asset
  artifactKey: Guid(547ac2a54ae7713488f22760b6b1dab3) Importer(815301076,1909f56bfc062723c751e8b465ee728b)
Start importing Assets/Databases/DroppableModifiersUIMappers.asset using Guid(547ac2a54ae7713488f22760b6b1dab3) Importer(815301076,1909f56bfc062723c751e8b465ee728b)  -> (artifact id: '5e3f44429b3beab043f8086533f3823a') in 0.008617 seconds
  Import took 0.012487 seconds .

========================================================================
Received Import Request.
  Time since last request: 0.013154 seconds.
  path: Assets/Databases/DroppableModifiersUIMappers.asset
  artifactKey: Guid(547ac2a54ae7713488f22760b6b1dab3) Importer(815301076,1909f56bfc062723c751e8b465ee728b)
Start importing Assets/Databases/DroppableModifiersUIMappers.asset using Guid(547ac2a54ae7713488f22760b6b1dab3) Importer(815301076,1909f56bfc062723c751e8b465ee728b)  -> (artifact id: '5e3f44429b3beab043f8086533f3823a') in 0.002548 seconds
  Import took 0.006166 seconds .

========================================================================
Received Import Request.
  Time since last request: 34.319090 seconds.
  path: Assets/Databases/Deprecated/ConstructibleDefinition_Deprecated.asset
  artifactKey: Guid(b0d1edaa4bc194846b9bc90925b64ba2) Importer(815301076,1909f56bfc062723c751e8b465ee728b)
Start importing Assets/Databases/Deprecated/ConstructibleDefinition_Deprecated.asset using Guid(b0d1edaa4bc194846b9bc90925b64ba2) Importer(815301076,1909f56bfc062723c751e8b465ee728b)  -> (artifact id: '4fc93697bea4e61a9514983d45594db3') in 0.053928 seconds
  Import took 0.056963 seconds .

========================================================================
Received Import Request.
  Time since last request: 1.395472 seconds.
  path: Assets/Databases/Deprecated/ConstructibleDefinition_Deprecated.asset
  artifactKey: Guid(b0d1edaa4bc194846b9bc90925b64ba2) Importer(815301076,1909f56bfc062723c751e8b465ee728b)
Start importing Assets/Databases/Deprecated/ConstructibleDefinition_Deprecated.asset using Guid(b0d1edaa4bc194846b9bc90925b64ba2) Importer(815301076,1909f56bfc062723c751e8b465ee728b)  -> (artifact id: '4fc93697bea4e61a9514983d45594db3') in 0.005367 seconds
  Import took 0.008799 seconds .

========================================================================
Received Import Request.
  Time since last request: 206.050281 seconds.
  path: Assets/Databases/NarratorSentences
  artifactKey: Guid(c8e3087696c99384dadf20fe71cd0e0e) Importer(815301076,1909f56bfc062723c751e8b465ee728b)
Start importing Assets/Databases/NarratorSentences using Guid(c8e3087696c99384dadf20fe71cd0e0e) Importer(815301076,1909f56bfc062723c751e8b465ee728b)  -> (artifact id: '4e5e29400502bb8805addc48a131ae0f') in 0.001402 seconds
  Import took 0.006419 seconds .

========================================================================
Received Import Request.
  Time since last request: 3.228283 seconds.
  path: Assets/Databases/Civilizations/CivilizationPawnSkinColor.asset
  artifactKey: Guid(1a2315da3ecb83d418c27982b976b1a8) Importer(815301076,1909f56bfc062723c751e8b465ee728b)
Start importing Assets/Databases/Civilizations/CivilizationPawnSkinColor.asset using Guid(1a2315da3ecb83d418c27982b976b1a8) Importer(815301076,1909f56bfc062723c751e8b465ee728b)  -> (artifact id: 'b6ed306086cbaa5cc41e0708101c7620') in 0.011518 seconds
  Import took 0.015818 seconds .

========================================================================
Received Import Request.
  Time since last request: 0.003209 seconds.
  path: Assets/Databases/Civilizations/CivilizationPawnSkinColor.asset
  artifactKey: Guid(1a2315da3ecb83d418c27982b976b1a8) Importer(815301076,1909f56bfc062723c751e8b465ee728b)
Start importing Assets/Databases/Civilizations/CivilizationPawnSkinColor.asset using Guid(1a2315da3ecb83d418c27982b976b1a8) Importer(815301076,1909f56bfc062723c751e8b465ee728b)  -> (artifact id: 'b6ed306086cbaa5cc41e0708101c7620') in 0.005428 seconds
  Import took 0.010670 seconds .

========================================================================
Received Import Request.
  Time since last request: 0.944992 seconds.
  path: Assets/Databases/Civilizations/CivilizationTraitDescriptor.asset
  artifactKey: Guid(b40b41acbf06b914c9d419e0981572f7) Importer(815301076,1909f56bfc062723c751e8b465ee728b)
Start importing Assets/Databases/Civilizations/CivilizationTraitDescriptor.asset using Guid(b40b41acbf06b914c9d419e0981572f7) Importer(815301076,1909f56bfc062723c751e8b465ee728b)  -> (artifact id: 'af4cf92cf49018bc2c294b9b3c245445') in 0.011539 seconds
  Import took 0.015107 seconds .

========================================================================
Received Import Request.
  Time since last request: 0.465488 seconds.
  path: Assets/Databases/Civilizations/CivilizationTrait.asset
  artifactKey: Guid(e5270b179898191429201285fd01894d) Importer(815301076,1909f56bfc062723c751e8b465ee728b)
Start importing Assets/Databases/Civilizations/CivilizationTrait.asset using Guid(e5270b179898191429201285fd01894d) Importer(815301076,1909f56bfc062723c751e8b465ee728b)  -> (artifact id: '91ad51ec420f52c427dfa08a2335b9ee') in 0.133058 seconds
  Import took 0.137541 seconds .

========================================================================
Received Import Request.
  Time since last request: 2.313989 seconds.
  path: Assets/Databases/Civilizations/CivilizationDefinition.asset
  artifactKey: Guid(464ad2b7aefcd894296b623bdb4ec204) Importer(815301076,1909f56bfc062723c751e8b465ee728b)
Start importing Assets/Databases/Civilizations/CivilizationDefinition.asset using Guid(464ad2b7aefcd894296b623bdb4ec204) Importer(815301076,1909f56bfc062723c751e8b465ee728b)  -> (artifact id: 'a5c5f0fe2c679c90ab543f37fe633155') in 0.027110 seconds
  Import took 0.032008 seconds .

========================================================================
Received Import Request.
  Time since last request: 0.056049 seconds.
  path: Assets/Databases/Civilizations/CivilizationDefinition.asset
  artifactKey: Guid(464ad2b7aefcd894296b623bdb4ec204) Importer(815301076,1909f56bfc062723c751e8b465ee728b)
Start importing Assets/Databases/Civilizations/CivilizationDefinition.asset using Guid(464ad2b7aefcd894296b623bdb4ec204) Importer(815301076,1909f56bfc062723c751e8b465ee728b)  -> (artifact id: 'a5c5f0fe2c679c90ab543f37fe633155') in 0.018168 seconds
  Import took 0.022112 seconds .

========================================================================
Received Import Request.
  Time since last request: 228.330882 seconds.
  path: Assets
  artifactKey: Guid(00000000000000001000000000000000) Importer(815301076,1909f56bfc062723c751e8b465ee728b)
Start importing Assets using Guid(00000000000000001000000000000000) Importer(815301076,1909f56bfc062723c751e8b465ee728b)  -> (artifact id: '5f6a1853b736837ecfb0820a881449cb') in 0.002145 seconds
  Import took 0.006412 seconds .

========================================================================
Received Import Request.
  Time since last request: 0.000990 seconds.
  path: Assets
  artifactKey: Guid(00000000000000001000000000000000) Importer(815301076,1909f56bfc062723c751e8b465ee728b)
Start importing Assets using Guid(00000000000000001000000000000000) Importer(815301076,1909f56bfc062723c751e8b465ee728b)  -> (artifact id: '5f6a1853b736837ecfb0820a881449cb') in 0.001209 seconds
  Import took 0.004669 seconds .

========================================================================
Received Import Request.
  Time since last request: 41.570445 seconds.
  path: Assets/Databases/Unit/ArmyStripDefinitionCollection.asset
  artifactKey: Guid(c7fa9707eb49e7641a2e67dbe36aa13e) Importer(815301076,1909f56bfc062723c751e8b465ee728b)
Start importing Assets/Databases/Unit/ArmyStripDefinitionCollection.asset using Guid(c7fa9707eb49e7641a2e67dbe36aa13e) Importer(815301076,1909f56bfc062723c751e8b465ee728b)  -> (artifact id: 'a4ddacf88412103eb1578148181bf77d') in 0.008821 seconds
  Import took 0.013414 seconds .

========================================================================
Received Import Request.
  Time since last request: 0.001489 seconds.
  path: Assets/Databases/Unit/ArmyStripDefinitionCollection.asset
  artifactKey: Guid(c7fa9707eb49e7641a2e67dbe36aa13e) Importer(815301076,1909f56bfc062723c751e8b465ee728b)
Start importing Assets/Databases/Unit/ArmyStripDefinitionCollection.asset using Guid(c7fa9707eb49e7641a2e67dbe36aa13e) Importer(815301076,1909f56bfc062723c751e8b465ee728b)  -> (artifact id: 'a4ddacf88412103eb1578148181bf77d') in 0.003438 seconds
  Import took 0.007125 seconds .

========================================================================
Received Import Request.
  Time since last request: 2.047963 seconds.
  path: Assets/Databases/ColorBlindPresets
  artifactKey: Guid(f4d017ac8262a724b9f6f0d37ea36af9) Importer(815301076,1909f56bfc062723c751e8b465ee728b)
Start importing Assets/Databases/ColorBlindPresets using Guid(f4d017ac8262a724b9f6f0d37ea36af9) Importer(815301076,1909f56bfc062723c751e8b465ee728b)  -> (artifact id: '304d5361e8bb86009cc49c538b2bf8fe') in 0.002152 seconds
  Import took 0.006373 seconds .

========================================================================
Received Import Request.
  Time since last request: 1.023303 seconds.
  path: Assets/Databases/Civilizations/CivilizationTraitUIMappers.asset
  artifactKey: Guid(86056ffc6ff649241917410fd48ce6b6) Importer(815301076,1909f56bfc062723c751e8b465ee728b)
Start importing Assets/Databases/Civilizations/CivilizationTraitUIMappers.asset using Guid(86056ffc6ff649241917410fd48ce6b6) Importer(815301076,1909f56bfc062723c751e8b465ee728b)  -> (artifact id: '78e12b78821eaa3f4436fad27d9173b8') in 0.006845 seconds
  Import took 0.010930 seconds .

========================================================================
Received Import Request.
  Time since last request: 0.001221 seconds.
  path: Assets/Databases/Civilizations/CivilizationTraitUIMappers.asset
  artifactKey: Guid(86056ffc6ff649241917410fd48ce6b6) Importer(815301076,1909f56bfc062723c751e8b465ee728b)
Start importing Assets/Databases/Civilizations/CivilizationTraitUIMappers.asset using Guid(86056ffc6ff649241917410fd48ce6b6) Importer(815301076,1909f56bfc062723c751e8b465ee728b)  -> (artifact id: '78e12b78821eaa3f4436fad27d9173b8') in 0.003706 seconds
  Import took 0.007602 seconds .

AssetImportWorkerClient::OnTransportError - code=2 error=End of file
