Using pre-set license
Built from '2020.3/release' branch; Version is '2020.3.7f1 (dd97f2c94397) revision 14522354'; Using compiler version '192528614'; Build Type 'Release'
OS: 'Windows 10 Education; OS build 19043.1237; Version 2009; 64bit' Language: 'da' Physical Memory: 32684 MB
BatchMode: 1, IsHumanControllingUs: 0, StartBugReporterOnCrash: 0, Is64bit: 1, IsPro: 0

 COMMAND LINE ARGUMENTS:
C:\Program Files\Unity\Hub\Editor\2020.3.7f1\Editor\Unity.exe
-adb2
-batchMode
-noUpm
-name
AssetImportWorker1
-projectPath
J:/balkanexpansionmod
-logFile
Logs/AssetImportWorker1.log
-srvPort
64802
Successfully changed project path to: J:/balkanexpansionmod
J:/balkanexpansionmod
Using Asset Import Pipeline V2.
Refreshing native plugins compatible for Editor in 51.39 ms, found 0 plugins.
Preloading 0 native plugins for Editor in 0.00 ms.
Initialize engine version: 2020.3.7f1 (dd97f2c94397)
[Subsystems] Discovering subsystems at path C:/Program Files/Unity/Hub/Editor/2020.3.7f1/Editor/Data/Resources/UnitySubsystems
[Subsystems] Discovering subsystems at path J:/balkanexpansionmod/Assets
GfxDevice: creating device client; threaded=0
Direct3D:
    Version:  Direct3D 11.0 [level 11.1]
    Renderer: NVIDIA GeForce GTX 960 (ID=0x1401)
    Vendor:   
    VRAM:     4053 MB
    Driver:   30.0.14.9649
Initialize mono
Mono path[0] = 'C:/Program Files/Unity/Hub/Editor/2020.3.7f1/Editor/Data/Managed'
Mono path[1] = 'C:/Program Files/Unity/Hub/Editor/2020.3.7f1/Editor/Data/MonoBleedingEdge/lib/mono/unityjit'
Mono config path = 'C:/Program Files/Unity/Hub/Editor/2020.3.7f1/Editor/Data/MonoBleedingEdge/etc'
Using monoOptions --debugger-agent=transport=dt_socket,embedding=1,server=y,suspend=n,address=127.0.0.1:56312
Begin MonoManager ReloadAssembly
Registering precompiled unity dll's ...
Register platform support module: C:/Program Files/Unity/Hub/Editor/2020.3.7f1/Editor/Data/PlaybackEngines/WindowsStandaloneSupport/UnityEditor.WindowsStandalone.Extensions.dll
Registered in 0.002910 seconds.
Native extension for WindowsStandalone target not found
Refreshing native plugins compatible for Editor in 60.34 ms, found 0 plugins.
Preloading 0 native plugins for Editor in 0.00 ms.
Mono: successfully reloaded assembly
- Completed reload, in  2.279 seconds
Platform modules already initialized, skipping
Registering precompiled user dll's ...
Registered in 0.044282 seconds.
Begin MonoManager ReloadAssembly
Native extension for WindowsStandalone target not found
Refreshing native plugins compatible for Editor in 47.34 ms, found 0 plugins.
Preloading 0 native plugins for Editor in 0.00 ms.
[AssetDatabase] Startup...
UnityEngine.StackTraceUtility:ExtractStackTrace ()
UnityEngine.DebugLogHandler:LogFormat (UnityEngine.LogType,UnityEngine.Object,string,object[])
UnityEngine.Logger:Log (UnityEngine.LogType,object)
UnityEngine.Debug:Log (object)
Amplitude.Framework.Asset.AssetDatabase:.cctor ()
System.Runtime.CompilerServices.RuntimeHelpers:RunClassConstructor (System.RuntimeTypeHandle)
UnityEditor.EditorAssemblies:ProcessInitializeOnLoadAttributes (System.Type[])

Mono: successfully reloaded assembly
- Completed reload, in  4.981 seconds
Platform modules already initialized, skipping
========================================================================
Worker process is ready to serve import requests
Launched and connected shader compiler UnityShaderCompiler.exe after 0.10 seconds
Refreshing native plugins compatible for Editor in 0.57 ms, found 0 plugins.
Preloading 0 native plugins for Editor in 0.00 ms.
Unloading 1179 Unused Serialized files (Serialized files now loaded: 0)
System memory in use before: 64.3 MB.
System memory in use after: 64.5 MB.

Unloading 59 unused Assets to reduce memory usage. Loaded Objects now: 3364.
Total: 32.816200 ms (FindLiveObjects: 0.359400 ms CreateObjectMapping: 0.254800 ms MarkObjects: 32.081300 ms  DeleteObjects: 0.118200 ms)

========================================================================
Received Import Request.
  path: Assets/Databases/Civilizations/IndependentPeopleArmyPatternDefinition.asset
  artifactKey: Guid(3026322b36779374780f4cce16a0436f) Importer(815301076,1909f56bfc062723c751e8b465ee728b)
Start importing Assets/Databases/Civilizations/IndependentPeopleArmyPatternDefinition.asset using Guid(3026322b36779374780f4cce16a0436f) Importer(815301076,1909f56bfc062723c751e8b465ee728b)  -> (artifact id: '6d45c63b4a85027324a059704faef2a6') in 0.122891 seconds
  Import took 0.127991 seconds .

========================================================================
Received Import Request.
  Time since last request: 0.000421 seconds.
  path: Assets/Databases/Civilizations/AffinityDefinition.asset
  artifactKey: Guid(195711edef9a1ab4bac512b5437c3587) Importer(815301076,1909f56bfc062723c751e8b465ee728b)
Start importing Assets/Databases/Civilizations/AffinityDefinition.asset using Guid(195711edef9a1ab4bac512b5437c3587) Importer(815301076,1909f56bfc062723c751e8b465ee728b)  -> (artifact id: '3621d16a0ccb50c90c039065d42c7461') in 0.214417 seconds
  Import took 0.217719 seconds .

========================================================================
Received Import Request.
  Time since last request: 0.000389 seconds.
  path: Assets/Databases/Civilizations/IndependentPeopleEraDefinition.asset
  artifactKey: Guid(b086d6efb65e0ac4b9fbc3db8d0a8ed8) Importer(815301076,1909f56bfc062723c751e8b465ee728b)
Start importing Assets/Databases/Civilizations/IndependentPeopleEraDefinition.asset using Guid(b086d6efb65e0ac4b9fbc3db8d0a8ed8) Importer(815301076,1909f56bfc062723c751e8b465ee728b)  -> (artifact id: 'f7eaae4f53ac353919c07c1f3cfcb823') in 0.012119 seconds
  Import took 0.016899 seconds .

========================================================================
Received Import Request.
  Time since last request: 0.000078 seconds.
  path: Assets/Databases/Civilizations/CivilizationUIMappers.asset
  artifactKey: Guid(e65edaf98162445499c09f75dcc98fdb) Importer(815301076,1909f56bfc062723c751e8b465ee728b)
Start importing Assets/Databases/Civilizations/CivilizationUIMappers.asset using Guid(e65edaf98162445499c09f75dcc98fdb) Importer(815301076,1909f56bfc062723c751e8b465ee728b)  -> (artifact id: 'cd0fe9926f70d3eeebd66470900d42e8') in 0.019218 seconds
  Import took 0.034320 seconds .

========================================================================
Received Import Request.
  Time since last request: 0.000066 seconds.
  path: Assets/Databases/Civilizations/IndependentPeopleSpawnerDefinition.asset
  artifactKey: Guid(48525b32641480140ad69512e1cfc7ac) Importer(815301076,1909f56bfc062723c751e8b465ee728b)
Start importing Assets/Databases/Civilizations/IndependentPeopleSpawnerDefinition.asset using Guid(48525b32641480140ad69512e1cfc7ac) Importer(815301076,1909f56bfc062723c751e8b465ee728b)  -> (artifact id: '0e2facc163b2a49333dee9856efbb43a') in 0.024953 seconds
  Import took 0.028224 seconds .

